<?xml version="1.0" encoding="UTF-8"?>
<testng-results ignored="0" total="1" passed="1" failed="0" skipped="0">
  <reporter-output>
  </reporter-output>
  <suite started-at="2024-06-09T14:35:03 GET" name="Default suite" finished-at="2024-06-09T14:35:10 GET" duration-ms="7140">
    <groups>
    </groups>
    <test started-at="2024-06-09T14:35:03 GET" name="Default test" finished-at="2024-06-09T14:35:10 GET" duration-ms="7140">
      <class name="group1.mymarketTest.ErrorValidationTest">
        <test-method is-config="true" signature="launchApp()[pri:0, instance:group1.mymarketTest.ErrorValidationTest@74ea2410]" started-at="2024-06-09T14:35:03 GET" name="launchApp" finished-at="2024-06-09T14:35:08 GET" duration-ms="4733" status="PASS">
          <reporter-output>
          </reporter-output>
        </test-method> <!-- launchApp -->
        <test-method signature="wrongEmailOrPass()[pri:0, instance:group1.mymarketTest.ErrorValidationTest@74ea2410]" started-at="2024-06-09T14:35:08 GET" name="wrongEmailOrPass" finished-at="2024-06-09T14:35:10 GET" duration-ms="2348" status="PASS">
          <reporter-output>
          </reporter-output>
        </test-method> <!-- wrongEmailOrPass -->
        <test-method is-config="true" signature="shutD()[pri:0, instance:group1.mymarketTest.ErrorValidationTest@74ea2410]" started-at="2024-06-09T14:35:10 GET" name="shutD" finished-at="2024-06-09T14:35:10 GET" duration-ms="1" status="PASS">
          <reporter-output>
          </reporter-output>
        </test-method> <!-- shutD -->
      </class> <!-- group1.mymarketTest.ErrorValidationTest -->
    </test> <!-- Default test -->
  </suite> <!-- Default suite -->
</testng-results>
